# JRE version: OpenJDK Runtime Environment (11.0.10) (build 11.0.10+0-b96-7249189)
# Java VM: OpenJDK 64-Bit Server VM (11.0.10+0-b96-7249189, mixed mode, tiered, compressed oops, g1 gc, windows-amd64)
Heap:
 garbage-first heap   total 331776K, used 178405K [0x0000000080000000, 0x0000000100000000)
  region size 1024K, 42 young (43008K), 5 survivors (5120K)
 Metaspace       used 146363K, capacity 152196K, committed 153932K, reserved 1183744K
  class space    used 18070K, capacity 20093K, committed 20608K, reserved 1048576K
GC Heap History (20 events):
Event: 2209.875 GC heap after
{Heap after GC invocations=170 (full 0):
 garbage-first heap   total 276480K, used 164581K [0x0000000080000000, 0x0000000100000000)
  region size 1024K, 2 young (2048K), 2 survivors (2048K)
 Metaspace       used 145756K, capacity 151368K, committed 153932K, reserved 1183744K
  class space    used 18044K, capacity 20044K, committed 20608K, reserved 1048576K
}
Event: 2210.052 GC heap before
{Heap before GC invocations=170 (full 0):
 garbage-first heap   total 276480K, used 181989K [0x0000000080000000, 0x0000000100000000)
  region size 1024K, 20 young (20480K), 2 survivors (2048K)
 Metaspace       used 145768K, capacity 151433K, committed 153932K, reserved 1183744K
  class space    used 18044K, capacity 20044K, committed 20608K, reserved 1048576K
}
Event: 2210.062 GC heap after
{Heap after GC invocations=171 (full 0):
 garbage-first heap   total 331776K, used 163158K [0x0000000080000000, 0x0000000100000000)
  region size 1024K, 1 young (1024K), 1 survivors (1024K)
 Metaspace       used 145768K, capacity 151433K, committed 153932K, reserved 1183744K
  class space    used 18044K, capacity 20044K, committed 20608K, reserved 1048576K
}
Event: 2302.454 GC heap before
{Heap before GC invocations=172 (full 0):
 garbage-first heap   total 331776K, used 277846K [0x0000000080000000, 0x0000000100000000)
  region size 1024K, 94 young (96256K), 1 survivors (1024K)
 Metaspace       used 146006K, capacity 151704K, committed 153932K, reserved 1183744K
  class space    used 18067K, capacity 20092K, committed 20608K, reserved 1048576K
}
Event: 2302.462 GC heap after
{Heap after GC invocations=173 (full 0):
 garbage-first heap   total 331776K, used 162499K [0x0000000080000000, 0x0000000100000000)
  region size 1024K, 6 young (6144K), 6 survivors (6144K)
 Metaspace       used 146006K, capacity 151704K, committed 153932K, reserved 1183744K
  class space    used 18067K, capacity 20092K, committed 20608K, reserved 1048576K
}
Event: 2302.593 GC heap before
{Heap before GC invocations=173 (full 0):
 garbage-first heap   total 331776K, used 171715K [0x0000000080000000, 0x0000000100000000)
  region size 1024K, 16 young (16384K), 6 survivors (6144K)
 Metaspace       used 146021K, capacity 151771K, committed 153932K, reserved 1183744K
  class space    used 18067K, capacity 20092K, committed 20608K, reserved 1048576K
}
Event: 2302.606 GC heap after
{Heap after GC invocations=174 (full 0):
 garbage-first heap   total 331776K, used 150955K [0x0000000080000000, 0x0000000100000000)
  region size 1024K, 1 young (1024K), 1 survivors (1024K)
 Metaspace       used 146021K, capacity 151771K, committed 153932K, reserved 1183744K
  class space    used 18067K, capacity 20092K, committed 20608K, reserved 1048576K
}
Event: 2453.571 GC heap before
{Heap before GC invocations=174 (full 0):
 garbage-first heap   total 331776K, used 240043K [0x0000000080000000, 0x0000000100000000)
  region size 1024K, 90 young (92160K), 1 survivors (1024K)
 Metaspace       used 146132K, capacity 151907K, committed 153932K, reserved 1183744K
  class space    used 18068K, capacity 20093K, committed 20608K, reserved 1048576K
}
Event: 2453.584 GC heap after
{Heap after GC invocations=175 (full 0):
 garbage-first heap   total 331776K, used 159553K [0x0000000080000000, 0x0000000100000000)
  region size 1024K, 10 young (10240K), 10 survivors (10240K)
 Metaspace       used 146132K, capacity 151907K, committed 153932K, reserved 1183744K
  class space    used 18068K, capacity 20093K, committed 20608K, reserved 1048576K
}
Event: 2608.662 GC heap before
{Heap before GC invocations=176 (full 0):
 garbage-first heap   total 331776K, used 285505K [0x0000000080000000, 0x0000000100000000)
  region size 1024K, 109 young (111616K), 10 survivors (10240K)
 Metaspace       used 146193K, capacity 151912K, committed 153932K, reserved 1183744K
  class space    used 18068K, capacity 20093K, committed 20608K, reserved 1048576K
}
Event: 2608.676 GC heap after
{Heap after GC invocations=177 (full 0):
 garbage-first heap   total 331776K, used 159301K [0x0000000080000000, 0x0000000100000000)
  region size 1024K, 4 young (4096K), 4 survivors (4096K)
 Metaspace       used 146193K, capacity 151912K, committed 153932K, reserved 1183744K
  class space    used 18068K, capacity 20093K, committed 20608K, reserved 1048576K
}
Event: 2608.896 GC heap before
{Heap before GC invocations=177 (full 0):
 garbage-first heap   total 331776K, used 171589K [0x0000000080000000, 0x0000000100000000)
  region size 1024K, 16 young (16384K), 4 survivors (4096K)
 Metaspace       used 146209K, capacity 151913K, committed 153932K, reserved 1183744K
  class space    used 18068K, capacity 20093K, committed 20608K, reserved 1048576K
}
Event: 2608.917 GC heap after
{Heap after GC invocations=178 (full 0):
 garbage-first heap   total 331776K, used 145836K [0x0000000080000000, 0x0000000100000000)
  region size 1024K, 2 young (2048K), 2 survivors (2048K)
 Metaspace       used 146209K, capacity 151913K, committed 153932K, reserved 1183744K
  class space    used 18068K, capacity 20093K, committed 20608K, reserved 1048576K
}
Event: 2609.423 GC heap before
{Heap before GC invocations=178 (full 0):
 garbage-first heap   total 331776K, used 179628K [0x0000000080000000, 0x0000000100000000)
  region size 1024K, 37 young (37888K), 2 survivors (2048K)
 Metaspace       used 146223K, capacity 151977K, committed 153932K, reserved 1183744K
  class space    used 18068K, capacity 20093K, committed 20608K, reserved 1048576K
}
Event: 2609.439 GC heap after
{Heap after GC invocations=179 (full 0):
 garbage-first heap   total 331776K, used 149380K [0x0000000080000000, 0x0000000100000000)
  region size 1024K, 6 young (6144K), 6 survivors (6144K)
 Metaspace       used 146223K, capacity 151977K, committed 153932K, reserved 1183744K
  class space    used 18068K, capacity 20093K, committed 20608K, reserved 1048576K
}
Event: 2610.298 GC heap before
{Heap before GC invocations=180 (full 0):
 garbage-first heap   total 331776K, used 233348K [0x0000000080000000, 0x0000000100000000)
  region size 1024K, 87 young (89088K), 6 survivors (6144K)
 Metaspace       used 146302K, capacity 152068K, committed 153932K, reserved 1183744K
  class space    used 18068K, capacity 20093K, committed 20608K, reserved 1048576K
}
Event: 2610.304 GC heap after
{Heap after GC invocations=181 (full 0):
 garbage-first heap   total 331776K, used 153877K [0x0000000080000000, 0x0000000100000000)
  region size 1024K, 8 young (8192K), 8 survivors (8192K)
 Metaspace       used 146302K, capacity 152068K, committed 153932K, reserved 1183744K
  class space    used 18068K, capacity 20093K, committed 20608K, reserved 1048576K
}
Event: 2777.616 GC heap before
{Heap before GC invocations=181 (full 0):
 garbage-first heap   total 331776K, used 184597K [0x0000000080000000, 0x0000000100000000)
  region size 1024K, 16 young (16384K), 8 survivors (8192K)
 Metaspace       used 146326K, capacity 152132K, committed 153932K, reserved 1183744K
  class space    used 18068K, capacity 20093K, committed 20608K, reserved 1048576K
}
Event: 2777.634 GC heap after
{Heap after GC invocations=182 (full 0):
 garbage-first heap   total 331776K, used 141163K [0x0000000080000000, 0x0000000100000000)
  region size 1024K, 2 young (2048K), 2 survivors (2048K)
 Metaspace       used 146326K, capacity 152132K, committed 153932K, reserved 1183744K
  class space    used 18068K, capacity 20093K, committed 20608K, reserved 1048576K
}
Event: 2778.126 GC heap before
{Heap before GC invocations=182 (full 0):
 garbage-first heap   total 331776K, used 178027K [0x0000000080000000, 0x0000000100000000)
  region size 1024K, 39 young (39936K), 2 survivors (2048K)
 Metaspace       used 146363K, capacity 152196K, committed 153932K, reserved 1183744K
  class space    used 18070K, capacity 20093K, committed 20608K, reserved 1048576K
}

