# JRE version: OpenJDK Runtime Environment (11.0.10) (build 11.0.10+0-b96-7249189)
# Java VM: OpenJDK 64-Bit Server VM (11.0.10+0-b96-7249189, mixed mode, tiered, compressed oops, g1 gc, windows-amd64)
Heap:
 garbage-first heap   total 131072K, used 89322K [0x0000000080000000, 0x0000000100000000)
  region size 1024K, 50 young (51200K), 8 survivors (8192K)
 Metaspace       used 43940K, capacity 45162K, committed 45440K, reserved 1089536K
  class space    used 5531K, capacity 5945K, committed 6016K, reserved 1048576K
GC Heap History (14 events):
Event: 1.013 GC heap before
{Heap before GC invocations=0 (full 0):
 garbage-first heap   total 131072K, used 19456K [0x0000000080000000, 0x0000000100000000)
  region size 1024K, 14 young (14336K), 0 survivors (0K)
 Metaspace       used 6751K, capacity 6925K, committed 7168K, reserved 1056768K
  class space    used 582K, capacity 650K, committed 768K, reserved 1048576K
}
Event: 1.017 GC heap after
{Heap after GC invocations=1 (full 0):
 garbage-first heap   total 131072K, used 8216K [0x0000000080000000, 0x0000000100000000)
  region size 1024K, 2 young (2048K), 2 survivors (2048K)
 Metaspace       used 6751K, capacity 6925K, committed 7168K, reserved 1056768K
  class space    used 582K, capacity 650K, committed 768K, reserved 1048576K
}
Event: 1.331 GC heap before
{Heap before GC invocations=1 (full 0):
 garbage-first heap   total 131072K, used 19480K [0x0000000080000000, 0x0000000100000000)
  region size 1024K, 13 young (13312K), 2 survivors (2048K)
 Metaspace       used 9867K, capacity 10054K, committed 10112K, reserved 1058816K
  class space    used 1022K, capacity 1102K, committed 1152K, reserved 1048576K
}
Event: 1.334 GC heap after
{Heap after GC invocations=2 (full 0):
 garbage-first heap   total 131072K, used 9211K [0x0000000080000000, 0x0000000100000000)
  region size 1024K, 2 young (2048K), 2 survivors (2048K)
 Metaspace       used 9867K, capacity 10054K, committed 10112K, reserved 1058816K
  class space    used 1022K, capacity 1102K, committed 1152K, reserved 1048576K
}
Event: 1.829 GC heap before
{Heap before GC invocations=2 (full 0):
 garbage-first heap   total 131072K, used 38907K [0x0000000080000000, 0x0000000100000000)
  region size 1024K, 31 young (31744K), 2 survivors (2048K)
 Metaspace       used 10782K, capacity 11007K, committed 11264K, reserved 1058816K
  class space    used 1125K, capacity 1206K, committed 1280K, reserved 1048576K
}
Event: 1.832 GC heap after
{Heap after GC invocations=3 (full 0):
 garbage-first heap   total 131072K, used 11975K [0x0000000080000000, 0x0000000100000000)
  region size 1024K, 3 young (3072K), 3 survivors (3072K)
 Metaspace       used 10782K, capacity 11007K, committed 11264K, reserved 1058816K
  class space    used 1125K, capacity 1206K, committed 1280K, reserved 1048576K
}
Event: 2.954 GC heap before
{Heap before GC invocations=3 (full 0):
 garbage-first heap   total 131072K, used 76487K [0x0000000080000000, 0x0000000100000000)
  region size 1024K, 67 young (68608K), 3 survivors (3072K)
 Metaspace       used 20561K, capacity 21089K, committed 21248K, reserved 1067008K
  class space    used 2507K, capacity 2699K, committed 2816K, reserved 1048576K
}
Event: 2.962 GC heap after
{Heap after GC invocations=4 (full 0):
 garbage-first heap   total 131072K, used 16634K [0x0000000080000000, 0x0000000100000000)
  region size 1024K, 9 young (9216K), 9 survivors (9216K)
 Metaspace       used 20561K, capacity 21089K, committed 21248K, reserved 1067008K
  class space    used 2507K, capacity 2699K, committed 2816K, reserved 1048576K
}
Event: 4.204 GC heap before
{Heap before GC invocations=5 (full 0):
 garbage-first heap   total 131072K, used 92410K [0x0000000080000000, 0x0000000100000000)
  region size 1024K, 73 young (74752K), 9 survivors (9216K)
 Metaspace       used 26881K, capacity 27665K, committed 27904K, reserved 1073152K
  class space    used 3538K, capacity 3807K, committed 3840K, reserved 1048576K
}
Event: 4.212 GC heap after
{Heap after GC invocations=6 (full 0):
 garbage-first heap   total 131072K, used 32340K [0x0000000080000000, 0x0000000100000000)
  region size 1024K, 6 young (6144K), 6 survivors (6144K)
 Metaspace       used 26881K, capacity 27665K, committed 27904K, reserved 1073152K
  class space    used 3538K, capacity 3807K, committed 3840K, reserved 1048576K
}
Event: 5.880 GC heap before
{Heap before GC invocations=6 (full 0):
 garbage-first heap   total 131072K, used 82516K [0x0000000080000000, 0x0000000100000000)
  region size 1024K, 56 young (57344K), 6 survivors (6144K)
 Metaspace       used 34817K, capacity 35722K, committed 35840K, reserved 1081344K
  class space    used 4548K, capacity 4896K, committed 4992K, reserved 1048576K
}
Event: 5.891 GC heap after
{Heap after GC invocations=7 (full 0):
 garbage-first heap   total 131072K, used 34767K [0x0000000080000000, 0x0000000100000000)
  region size 1024K, 4 young (4096K), 4 survivors (4096K)
 Metaspace       used 34817K, capacity 35722K, committed 35840K, reserved 1081344K
  class space    used 4548K, capacity 4896K, committed 4992K, reserved 1048576K
}
Event: 7.029 GC heap before
{Heap before GC invocations=8 (full 0):
 garbage-first heap   total 131072K, used 98255K [0x0000000080000000, 0x0000000100000000)
  region size 1024K, 64 young (65536K), 4 survivors (4096K)
 Metaspace       used 40546K, capacity 41645K, committed 41728K, reserved 1085440K
  class space    used 5215K, capacity 5612K, committed 5632K, reserved 1048576K
}
Event: 7.035 GC heap after
{Heap after GC invocations=9 (full 0):
 garbage-first heap   total 131072K, used 39146K [0x0000000080000000, 0x0000000100000000)
  region size 1024K, 8 young (8192K), 8 survivors (8192K)
 Metaspace       used 40546K, capacity 41645K, committed 41728K, reserved 1085440K
  class space    used 5215K, capacity 5612K, committed 5632K, reserved 1048576K
}

