# JRE version: OpenJDK Runtime Environment (11.0.10) (build 11.0.10+0-b96-7249189)
# Java VM: OpenJDK 64-Bit Server VM (11.0.10+0-b96-7249189, mixed mode, tiered, compressed oops, g1 gc, windows-amd64)
Heap:
 garbage-first heap   total 189440K, used 148356K [0x0000000080000000, 0x0000000100000000)
  region size 1024K, 2 young (2048K), 1 survivors (1024K)
 Metaspace       used 107609K, capacity 111298K, committed 111448K, reserved 1146880K
  class space    used 13654K, capacity 14971K, committed 14976K, reserved 1048576K
GC Heap History (20 events):
Event: 696.287 GC heap before
{Heap before GC invocations=47 (full 0):
 garbage-first heap   total 189440K, used 155315K [0x0000000080000000, 0x0000000100000000)
  region size 1024K, 39 young (39936K), 1 survivors (1024K)
 Metaspace       used 106725K, capacity 110364K, committed 110680K, reserved 1144832K
  class space    used 13587K, capacity 14915K, committed 14976K, reserved 1048576K
}
Event: 696.302 GC heap after
{Heap after GC invocations=48 (full 0):
 garbage-first heap   total 189440K, used 122631K [0x0000000080000000, 0x0000000100000000)
  region size 1024K, 5 young (5120K), 5 survivors (5120K)
 Metaspace       used 106725K, capacity 110364K, committed 110680K, reserved 1144832K
  class space    used 13587K, capacity 14915K, committed 14976K, reserved 1048576K
}
Event: 696.712 GC heap before
{Heap before GC invocations=49 (full 0):
 garbage-first heap   total 189440K, used 158471K [0x0000000080000000, 0x0000000100000000)
  region size 1024K, 39 young (39936K), 5 survivors (5120K)
 Metaspace       used 106868K, capacity 110556K, committed 110680K, reserved 1144832K
  class space    used 13587K, capacity 14915K, committed 14976K, reserved 1048576K
}
Event: 696.728 GC heap after
{Heap after GC invocations=50 (full 0):
 garbage-first heap   total 189440K, used 135535K [0x0000000080000000, 0x0000000100000000)
  region size 1024K, 5 young (5120K), 5 survivors (5120K)
 Metaspace       used 106868K, capacity 110556K, committed 110680K, reserved 1144832K
  class space    used 13587K, capacity 14915K, committed 14976K, reserved 1048576K
}
Event: 696.770 GC heap before
{Heap before GC invocations=50 (full 0):
 garbage-first heap   total 189440K, used 139631K [0x0000000080000000, 0x0000000100000000)
  region size 1024K, 9 young (9216K), 5 survivors (5120K)
 Metaspace       used 106871K, capacity 110556K, committed 110680K, reserved 1144832K
  class space    used 13587K, capacity 14915K, committed 14976K, reserved 1048576K
}
Event: 696.777 GC heap after
{Heap after GC invocations=51 (full 0):
 garbage-first heap   total 189440K, used 133523K [0x0000000080000000, 0x0000000100000000)
  region size 1024K, 2 young (2048K), 2 survivors (2048K)
 Metaspace       used 106871K, capacity 110556K, committed 110680K, reserved 1144832K
  class space    used 13587K, capacity 14915K, committed 14976K, reserved 1048576K
}
Event: 696.978 GC heap before
{Heap before GC invocations=51 (full 0):
 garbage-first heap   total 189440K, used 154003K [0x0000000080000000, 0x0000000100000000)
  region size 1024K, 22 young (22528K), 2 survivors (2048K)
 Metaspace       used 107457K, capacity 111223K, committed 111448K, reserved 1146880K
  class space    used 13644K, capacity 14968K, committed 14976K, reserved 1048576K
}
Event: 696.984 GC heap after
{Heap after GC invocations=52 (full 0):
 garbage-first heap   total 189440K, used 137216K [0x0000000080000000, 0x0000000100000000)
  region size 1024K, 3 young (3072K), 3 survivors (3072K)
 Metaspace       used 107457K, capacity 111223K, committed 111448K, reserved 1146880K
  class space    used 13644K, capacity 14968K, committed 14976K, reserved 1048576K
}
Event: 697.531 GC heap before
{Heap before GC invocations=53 (full 0):
 garbage-first heap   total 189440K, used 162816K [0x0000000080000000, 0x0000000100000000)
  region size 1024K, 22 young (22528K), 3 survivors (3072K)
 Metaspace       used 107508K, capacity 111223K, committed 111448K, reserved 1146880K
  class space    used 13646K, capacity 14968K, committed 14976K, reserved 1048576K
}
Event: 697.538 GC heap after
{Heap after GC invocations=54 (full 0):
 garbage-first heap   total 189440K, used 141246K [0x0000000080000000, 0x0000000100000000)
  region size 1024K, 3 young (3072K), 3 survivors (3072K)
 Metaspace       used 107508K, capacity 111223K, committed 111448K, reserved 1146880K
  class space    used 13646K, capacity 14968K, committed 14976K, reserved 1048576K
}
Event: 697.637 GC heap before
{Heap before GC invocations=54 (full 0):
 garbage-first heap   total 189440K, used 147390K [0x0000000080000000, 0x0000000100000000)
  region size 1024K, 9 young (9216K), 3 survivors (3072K)
 Metaspace       used 107562K, capacity 111291K, committed 111448K, reserved 1146880K
  class space    used 13652K, capacity 14969K, committed 14976K, reserved 1048576K
}
Event: 697.648 GC heap after
{Heap after GC invocations=55 (full 0):
 garbage-first heap   total 189440K, used 137714K [0x0000000080000000, 0x0000000100000000)
  region size 1024K, 1 young (1024K), 1 survivors (1024K)
 Metaspace       used 107562K, capacity 111291K, committed 111448K, reserved 1146880K
  class space    used 13652K, capacity 14969K, committed 14976K, reserved 1048576K
}
Event: 697.788 GC heap before
{Heap before GC invocations=55 (full 0):
 garbage-first heap   total 189440K, used 157170K [0x0000000080000000, 0x0000000100000000)
  region size 1024K, 20 young (20480K), 1 survivors (1024K)
 Metaspace       used 107576K, capacity 111292K, committed 111448K, reserved 1146880K
  class space    used 13652K, capacity 14969K, committed 14976K, reserved 1048576K
}
Event: 697.790 GC heap after
{Heap after GC invocations=56 (full 0):
 garbage-first heap   total 189440K, used 137484K [0x0000000080000000, 0x0000000100000000)
  region size 1024K, 1 young (1024K), 1 survivors (1024K)
 Metaspace       used 107576K, capacity 111292K, committed 111448K, reserved 1146880K
  class space    used 13652K, capacity 14969K, committed 14976K, reserved 1048576K
}
Event: 697.860 GC heap before
{Heap before GC invocations=56 (full 0):
 garbage-first heap   total 189440K, used 157964K [0x0000000080000000, 0x0000000100000000)
  region size 1024K, 21 young (21504K), 1 survivors (1024K)
 Metaspace       used 107580K, capacity 111292K, committed 111448K, reserved 1146880K
  class space    used 13652K, capacity 14969K, committed 14976K, reserved 1048576K
}
Event: 697.861 GC heap after
{Heap after GC invocations=57 (full 0):
 garbage-first heap   total 189440K, used 137542K [0x0000000080000000, 0x0000000100000000)
  region size 1024K, 1 young (1024K), 1 survivors (1024K)
 Metaspace       used 107580K, capacity 111292K, committed 111448K, reserved 1146880K
  class space    used 13652K, capacity 14969K, committed 14976K, reserved 1048576K
}
Event: 697.989 GC heap before
{Heap before GC invocations=57 (full 0):
 garbage-first heap   total 189440K, used 158022K [0x0000000080000000, 0x0000000100000000)
  region size 1024K, 22 young (22528K), 1 survivors (1024K)
 Metaspace       used 107609K, capacity 111298K, committed 111448K, reserved 1146880K
  class space    used 13654K, capacity 14971K, committed 14976K, reserved 1048576K
}
Event: 697.995 GC heap after
{Heap after GC invocations=58 (full 0):
 garbage-first heap   total 189440K, used 141954K [0x0000000080000000, 0x0000000100000000)
  region size 1024K, 3 young (3072K), 3 survivors (3072K)
 Metaspace       used 107609K, capacity 111298K, committed 111448K, reserved 1146880K
  class space    used 13654K, capacity 14971K, committed 14976K, reserved 1048576K
}
Event: 698.013 GC heap before
{Heap before GC invocations=58 (full 0):
 garbage-first heap   total 189440K, used 146050K [0x0000000080000000, 0x0000000100000000)
  region size 1024K, 5 young (5120K), 3 survivors (3072K)
 Metaspace       used 107609K, capacity 111298K, committed 111448K, reserved 1146880K
  class space    used 13654K, capacity 14971K, committed 14976K, reserved 1048576K
}
Event: 698.017 GC heap after
{Heap after GC invocations=59 (full 0):
 garbage-first heap   total 189440K, used 144260K [0x0000000080000000, 0x0000000100000000)
  region size 1024K, 1 young (1024K), 1 survivors (1024K)
 Metaspace       used 107609K, capacity 111298K, committed 111448K, reserved 1146880K
  class space    used 13654K, capacity 14971K, committed 14976K, reserved 1048576K
}

