# JRE version: OpenJDK Runtime Environment (11.0.10) (build 11.0.10+0-b96-7249189)
# Java VM: OpenJDK 64-Bit Server VM (11.0.10+0-b96-7249189, mixed mode, tiered, compressed oops, g1 gc, windows-amd64)
Heap:
 garbage-first heap   total 131072K, used 87404K [0x0000000080000000, 0x0000000100000000)
  region size 1024K, 5 young (5120K), 4 survivors (4096K)
 Metaspace       used 86033K, capacity 88102K, committed 88176K, reserved 1126400K
  class space    used 11074K, capacity 11839K, committed 11852K, reserved 1048576K
GC Heap History (20 events):
Event: 24.073 GC heap before
{Heap before GC invocations=17 (full 0):
 garbage-first heap   total 131072K, used 105662K [0x0000000080000000, 0x0000000100000000)
  region size 1024K, 52 young (53248K), 7 survivors (7168K)
 Metaspace       used 77379K, capacity 79230K, committed 79472K, reserved 1118208K
  class space    used 10119K, capacity 10815K, committed 10828K, reserved 1048576K
}
Event: 24.082 GC heap after
{Heap after GC invocations=18 (full 0):
 garbage-first heap   total 131072K, used 64305K [0x0000000080000000, 0x0000000100000000)
  region size 1024K, 7 young (7168K), 7 survivors (7168K)
 Metaspace       used 77379K, capacity 79230K, committed 79472K, reserved 1118208K
  class space    used 10119K, capacity 10815K, committed 10828K, reserved 1048576K
}
Event: 25.523 GC heap before
{Heap before GC invocations=18 (full 0):
 garbage-first heap   total 131072K, used 106289K [0x0000000080000000, 0x0000000100000000)
  region size 1024K, 49 young (50176K), 7 survivors (7168K)
 Metaspace       used 79293K, capacity 81365K, committed 81648K, reserved 1120256K
  class space    used 10369K, capacity 11142K, committed 11212K, reserved 1048576K
}
Event: 25.531 GC heap after
{Heap after GC invocations=19 (full 0):
 garbage-first heap   total 131072K, used 68139K [0x0000000080000000, 0x0000000100000000)
  region size 1024K, 4 young (4096K), 4 survivors (4096K)
 Metaspace       used 79293K, capacity 81365K, committed 81648K, reserved 1120256K
  class space    used 10369K, capacity 11142K, committed 11212K, reserved 1048576K
}
Event: 26.647 GC heap before
{Heap before GC invocations=19 (full 0):
 garbage-first heap   total 131072K, used 107051K [0x0000000080000000, 0x0000000100000000)
  region size 1024K, 43 young (44032K), 4 survivors (4096K)
 Metaspace       used 79592K, capacity 81667K, committed 81904K, reserved 1120256K
  class space    used 10375K, capacity 11149K, committed 11212K, reserved 1048576K
}
Event: 26.654 GC heap after
{Heap after GC invocations=20 (full 0):
 garbage-first heap   total 131072K, used 71313K [0x0000000080000000, 0x0000000100000000)
  region size 1024K, 4 young (4096K), 4 survivors (4096K)
 Metaspace       used 79592K, capacity 81667K, committed 81904K, reserved 1120256K
  class space    used 10375K, capacity 11149K, committed 11212K, reserved 1048576K
}
Event: 27.504 GC heap before
{Heap before GC invocations=21 (full 0):
 garbage-first heap   total 131072K, used 107153K [0x0000000080000000, 0x0000000100000000)
  region size 1024K, 40 young (40960K), 4 survivors (4096K)
 Metaspace       used 80048K, capacity 82201K, committed 82416K, reserved 1120256K
  class space    used 10411K, capacity 11200K, committed 11212K, reserved 1048576K
}
Event: 27.509 GC heap after
{Heap after GC invocations=22 (full 0):
 garbage-first heap   total 131072K, used 73496K [0x0000000080000000, 0x0000000100000000)
  region size 1024K, 3 young (3072K), 3 survivors (3072K)
 Metaspace       used 80048K, capacity 82201K, committed 82416K, reserved 1120256K
  class space    used 10411K, capacity 11200K, committed 11212K, reserved 1048576K
}
Event: 28.365 GC heap before
{Heap before GC invocations=22 (full 0):
 garbage-first heap   total 131072K, used 107288K [0x0000000080000000, 0x0000000100000000)
  region size 1024K, 37 young (37888K), 3 survivors (3072K)
 Metaspace       used 80376K, capacity 82491K, committed 82672K, reserved 1120256K
  class space    used 10420K, capacity 11202K, committed 11212K, reserved 1048576K
}
Event: 28.370 GC heap after
{Heap after GC invocations=23 (full 0):
 garbage-first heap   total 131072K, used 75574K [0x0000000080000000, 0x0000000100000000)
  region size 1024K, 5 young (5120K), 5 survivors (5120K)
 Metaspace       used 80376K, capacity 82491K, committed 82672K, reserved 1120256K
  class space    used 10420K, capacity 11202K, committed 11212K, reserved 1048576K
}
Event: 28.969 GC heap before
{Heap before GC invocations=24 (full 0):
 garbage-first heap   total 131072K, used 108342K [0x0000000080000000, 0x0000000100000000)
  region size 1024K, 38 young (38912K), 5 survivors (5120K)
 Metaspace       used 82278K, capacity 84448K, committed 84720K, reserved 1122304K
  class space    used 10627K, capacity 11388K, committed 11468K, reserved 1048576K
}
Event: 28.975 GC heap after
{Heap after GC invocations=25 (full 0):
 garbage-first heap   total 131072K, used 77511K [0x0000000080000000, 0x0000000100000000)
  region size 1024K, 5 young (5120K), 5 survivors (5120K)
 Metaspace       used 82278K, capacity 84448K, committed 84720K, reserved 1122304K
  class space    used 10627K, capacity 11388K, committed 11468K, reserved 1048576K
}
Event: 29.365 GC heap before
{Heap before GC invocations=25 (full 0):
 garbage-first heap   total 131072K, used 109255K [0x0000000080000000, 0x0000000100000000)
  region size 1024K, 37 young (37888K), 5 survivors (5120K)
 Metaspace       used 83234K, capacity 85345K, committed 85616K, reserved 1124352K
  class space    used 10757K, capacity 11516K, committed 11596K, reserved 1048576K
}
Event: 29.370 GC heap after
{Heap after GC invocations=26 (full 0):
 garbage-first heap   total 131072K, used 78529K [0x0000000080000000, 0x0000000100000000)
  region size 1024K, 3 young (3072K), 3 survivors (3072K)
 Metaspace       used 83234K, capacity 85345K, committed 85616K, reserved 1124352K
  class space    used 10757K, capacity 11516K, committed 11596K, reserved 1048576K
}
Event: 29.731 GC heap before
{Heap before GC invocations=27 (full 0):
 garbage-first heap   total 131072K, used 110273K [0x0000000080000000, 0x0000000100000000)
  region size 1024K, 35 young (35840K), 3 survivors (3072K)
 Metaspace       used 84716K, capacity 86837K, committed 87152K, reserved 1124352K
  class space    used 10929K, capacity 11713K, committed 11852K, reserved 1048576K
}
Event: 29.737 GC heap after
{Heap after GC invocations=28 (full 0):
 garbage-first heap   total 131072K, used 80943K [0x0000000080000000, 0x0000000100000000)
  region size 1024K, 4 young (4096K), 4 survivors (4096K)
 Metaspace       used 84716K, capacity 86837K, committed 87152K, reserved 1124352K
  class space    used 10929K, capacity 11713K, committed 11852K, reserved 1048576K
}
Event: 30.374 GC heap before
{Heap before GC invocations=28 (full 0):
 garbage-first heap   total 131072K, used 110639K [0x0000000080000000, 0x0000000100000000)
  region size 1024K, 34 young (34816K), 4 survivors (4096K)
 Metaspace       used 85242K, capacity 87345K, committed 87664K, reserved 1126400K
  class space    used 10986K, capacity 11757K, committed 11852K, reserved 1048576K
}
Event: 30.380 GC heap after
{Heap after GC invocations=29 (full 0):
 garbage-first heap   total 131072K, used 82999K [0x0000000080000000, 0x0000000100000000)
  region size 1024K, 5 young (5120K), 5 survivors (5120K)
 Metaspace       used 85242K, capacity 87345K, committed 87664K, reserved 1126400K
  class space    used 10986K, capacity 11757K, committed 11852K, reserved 1048576K
}
Event: 30.956 GC heap before
{Heap before GC invocations=30 (full 0):
 garbage-first heap   total 131072K, used 111671K [0x0000000080000000, 0x0000000100000000)
  region size 1024K, 33 young (33792K), 5 survivors (5120K)
 Metaspace       used 85363K, capacity 87528K, committed 87664K, reserved 1126400K
  class space    used 11000K, capacity 11797K, committed 11852K, reserved 1048576K
}
Event: 30.963 GC heap after
{Heap after GC invocations=31 (full 0):
 garbage-first heap   total 131072K, used 83970K [0x0000000080000000, 0x0000000100000000)
  region size 1024K, 4 young (4096K), 4 survivors (4096K)
 Metaspace       used 85363K, capacity 87528K, committed 87664K, reserved 1126400K
  class space    used 11000K, capacity 11797K, committed 11852K, reserved 1048576K
}

